"File: function.c    Assembler  Version HGASM0202      Page 1


   1  0000              ; Generated by holtek-gcc v3.19, Tue Mar 10 14:39:39 2020
   2  0000              ; 
   3  0000              ; Configuration:
   4  0000              ;       without long instruction
   5  0000              ;       Single ROM, Multi-RAM
   6  0000              ;       bits_per_rom_unit:14
   7  0000              ;       with mp1
   8  0000              ;       with tbhp, address(0x1f)
   9  0000              ;          Use ret-const
  10  0000              ;       
  11  0000              ;       
  12  0000              ;       
  13  0000              ; use 'tabrdc' instead of 'tabrd'
  14  0000              ;       
  15  0000              
  16  0000              #pragma translator "holtek-gcc 4.6.4" "3.19" "build 20130711"
  17  0000              ; Rebuild 115
  18  0000              
  19  0000              ir equ [2]
  20  0000              mp equ [3]
  21  0000              sbp equ [7]
  22  0000              acc equ [5]
  23  0000              bp equ [4]
  24  0000              status equ [10]
  25  0000              c equ [10].0
  26  0000              ac equ [10].1
  27  0000              z equ [10].2
  28  0000              ov equ [10].3
  29  0000              intc equ [11]
  30  0000              
  31  0000              extern ra:byte
  32  0000              extern rb:byte
  33  0000              extern rc:byte
  34  0000              extern rd:byte
  35  0000              extern re:byte
  36  0000              extern rf:byte
  37  0000              extern rg:byte
  38  0000              extern rh:byte
  39  0000              extern _Crom2Prom:near
  40  0000              extern _Crom2PromNext:near
  41  0000              
  42  0000              RAMBANK 0 @HCCINIT, @HCCINIT0
  43  0000              
  44  0000              RAMBANK 0 @BITDATASEC, @BITDATASEC1
  45  0000              @HCCINIT	.section 'data'
  46  0000              @HCCINIT0	.section 'data'
  47  0000              @BITDATASEC	 .section 'data'
  48  0000              @BITDATASEC1	 .section 'data'
  49  0000              
  50  0000              #pragma debug scope 1 1
  51  0000              	extern __DELAY3:near
  52  0000              	extern __DELAYX3:near
  53  0000              	extern __DELAYX6:near
  54  0000              	extern __DELAYY5:near
  55  0000              	extern __DELAYY3:near
  56  0000              	extern _builtin_holtek_delay_2:byte
  57  0000              ___sadc1 equ [59]
  58  0000              ___sadc0 equ [58]
  59  0000              ___sadoh equ [57]
"File: function.ASM  Assembler  Version HGASM0202      Page 2

  60  0000              ___sadol equ [56]
  61  0000              ___sadc2 equ [60]
  62  0000              public _opa_adc
  63  0000              #pragma debug scope 2 1

   6  0000              #line 6 "C:\Users\bobson\Desktop\IR range\BS45F3235_LIB(20200214) - tim\function.c"
   6  0000              _opa_adc .section 'code'
   6  0000              _opa_adc proc
   9  0000              #line 9 "C:\Users\bobson\Desktop\IR range\BS45F3235_LIB(20200214) - tim\function.c"
   9  0000  2000     E  	call _initial_adc
  10  0001              #line 10 "C:\Users\bobson\Desktop\IR range\BS45F3235_LIB(20200214) - tim\function.c"
  10  0001  0F80        	mov a,128
  10  0002  00BB        	mov [59],a
  11  0003              #line 11 "C:\Users\bobson\Desktop\IR range\BS45F3235_LIB(20200214) - tim\function.c"
  11  0003  32BA        	set [58].5
  11  0004  0F04        	mov a,4
  11  0005  0080     E  	mov ra,a
  11  0006  1F00     E  	clr rb
  11  0007  1F00     E  	clr rc
  11  0008              _L6:
  16  0008              #line 16 "C:\Users\bobson\Desktop\IR range\BS45F3235_LIB(20200214) - tim\function.c"
  16  0008  37BA        	clr [58].7
  17  0009              #line 17 "C:\Users\bobson\Desktop\IR range\BS45F3235_LIB(20200214) - tim\function.c"
  17  0009  33BA        	set [58].7
  18  000A              #line 18 "C:\Users\bobson\Desktop\IR range\BS45F3235_LIB(20200214) - tim\function.c"
  18  000A  37BA        	clr [58].7
  18  000B              _L2:
  19  000B              #line 19 "C:\Users\bobson\Desktop\IR range\BS45F3235_LIB(20200214) - tim\function.c"
  19  000B  3B3A        	snz [58].6
  19  000C  2800     R  	jmp _L8
  20  000D              #line 20 "C:\Users\bobson\Desktop\IR range\BS45F3235_LIB(20200214) - tim\function.c"
  20  000D              ;# 20 "C:\Users\bobson\Desktop\IR range\BS45F3235_LIB(20200214) - tim\function.c" 1
  20  000D  0001        	clr wdt
  20  000E  2800     R  	jmp _L2
  20  000F              _L8:
  22  000F              #line 22 "C:\Users\bobson\Desktop\IR range\BS45F3235_LIB(20200214) - tim\function.c"
  22  000F  0739        	mov a,[57]
  22  0010  0080     E  	mov rd,a
  23  0011              #line 23 "C:\Users\bobson\Desktop\IR range\BS45F3235_LIB(20200214) - tim\function.c"
  23  0011  0738        	mov a,[56]
  23  0012  0080     E  	mov rf,a
  23  0013  0F03        	mov a,3
  23  0014  0200     E  	sub a,ra
  23  0015  0080     E  	mov re,a
  25  0016              #line 25 "C:\Users\bobson\Desktop\IR range\BS45F3235_LIB(20200214) - tim\function.c"
  25  0016  0F02        	mov a,2
  25  0017  0200     E  	sub a,re
  25  0018  380A        	snz c
  25  0019  2800     R  	jmp _L4
  22  001A              #line 22 "C:\Users\bobson\Desktop\IR range\BS45F3235_LIB(20200214) - tim\function.c"
  22  001A  1F00     E  	clr re
  24  001B              #line 24 "C:\Users\bobson\Desktop\IR range\BS45F3235_LIB(20200214) - tim\function.c"
  24  001B  0F04        	mov a,4
  24  001C              _LI1:
  24  001C  340A        	clr c
  24  001D  1A80     E  	rlc rd
  24  001E  1A80     E  	rlc re
  24  001F  1785        	sdz acc
  24  0020  2800     R  	jmp _LI1
  24  0021  1100     E  	swapa rf
"File: function.c    Assembler  Version HGASM0202      Page 3

  24  0022  0E0F        	and a,0fh
  24  0023  0080     E  	mov rf,a
  24  0024  1F00     E  	clr rg
  24  0025  0700     E  	mov a,rf
  24  0026  0380     E  	addm a,rd
  24  0027  0700     E  	mov a,rg
  24  0028  1380     E  	adcm a,re
  27  0029              #line 27 "C:\Users\bobson\Desktop\IR range\BS45F3235_LIB(20200214) - tim\function.c"
  27  0029  0700     E  	mov a,rd
  27  002A  0380     E  	addm a,rb
  27  002B  0700     E  	mov a,re
  27  002C  1380     E  	adcm a,rc
  27  002D              _L4:
  27  002D  1780     E  	sdz ra
  27  002E  2800     R  	jmp _L6
  27  002F  0700     E  	mov a,rb
  27  0030  0080     E  	mov _adc_16bit[0],a
  27  0031  0700     E  	mov a,rc
  27  0032  0080     E  	mov _adc_16bit[1],a
  30  0033              #line 30 "C:\Users\bobson\Desktop\IR range\BS45F3235_LIB(20200214) - tim\function.c"
  30  0033  1F3A        	clr [58]
  31  0034              #line 31 "C:\Users\bobson\Desktop\IR range\BS45F3235_LIB(20200214) - tim\function.c"
  31  0034  1F3B        	clr [59]
  32  0035              #line 32 "C:\Users\bobson\Desktop\IR range\BS45F3235_LIB(20200214) - tim\function.c"
  32  0035  1F3C        	clr [60]
  32  0036  0003        	ret
  32  0037              _opa_adc endp
  32  0037              #line 32 "C:\Users\bobson\Desktop\IR range\BS45F3235_LIB(20200214) - tim\function.c"
  32  0037              #pragma debug scope 1 1
  32  0037              #pragma debug variable 8 1 ___sadol "__sadol" 1
  32  0037              #pragma debug variable 8 1 ___sadoh "__sadoh" 1
  32  0037              #pragma debug struct_end
  32  0037              #pragma debug struct_end
  32  0037              #pragma debug union_end
  32  0037              #pragma debug union_end
  32  0037              #pragma debug variable 43 1 ___sadc0 "__sadc0" 1
  32  0037              #pragma debug struct_end
  32  0037              #pragma debug struct_end
  32  0037              #pragma debug union_end
  32  0037              #pragma debug union_end
  32  0037              #pragma debug variable 45 1 ___sadc1 "__sadc1" 1
  32  0037              #pragma debug struct_end
  32  0037              #pragma debug struct_end
  32  0037              #pragma debug union_end
  32  0037              #pragma debug union_end
  32  0037              #pragma debug variable 47 1 ___sadc2 "__sadc2" 1
  32  0037              
  32  0037              ; output external variables
  32  0037              extern _adc_16bit:byte
  32  0037              extern _initial_adc:near
  32  0037              
  32  0037              ; 
  32  0037              ; Generated by holtek-gcc v3.19, Tue Mar 10 14:39:39 2020
  32  0037              ; Rebuild 115
  32  0037              ; end of file


        0 Errors, 0